<?xml version="1.0" encoding="UTF-8"?>
<!-- Generated by org.testng.reporters.JUnitReportReporter -->
<testsuite hostname="DESKTOP-AKDJE3T" failures="0" tests="1" name="testscripts.Verify_If_Mens_link_isclickable" time="20.333" errors="0" timestamp="2024-04-12T13:21:40 EDT" skipped="0">
  <testcase classname="testscripts.Verify_If_Mens_link_isclickable" name="wishListTestCase" time="20.333"/>
  <system-out/>
</testsuite> <!-- testscripts.Verify_If_Mens_link_isclickable -->
